2021-06-24 10:52:56.933  INFO 3648 --- [restartedMain] com.best.BlogApplication                  : Starting BlogApplication using Java 12.0.2 on LAPTOP-8BNCNO6C with PID 3648 (D:\放代码\blog\target\classes started by 饮川 in D:\放代码\blog)
2021-06-24 10:52:57.059  INFO 3648 --- [restartedMain] com.best.BlogApplication                  : The following profiles are active: pro
2021-06-24 10:52:58.484  INFO 3648 --- [restartedMain] com.best.BlogApplication                  : Started BlogApplication in 1.603 seconds (JVM running for 8180.756)
2021-06-24 10:53:00.188  INFO 1328 --- [restartedMain] com.best.BlogApplication                  : Starting BlogApplication using Java 12.0.2 on LAPTOP-8BNCNO6C with PID 1328 (D:\放代码\blog\target\classes started by 饮川 in D:\放代码\blog)
2021-06-24 10:53:00.192  INFO 1328 --- [restartedMain] com.best.BlogApplication                  : The following profiles are active: pro
2021-06-24 10:53:03.320  WARN 1328 --- [restartedMain] o.s.b.d.a.OptionalLiveReloadServer       : Unable to start LiveReload server
2021-06-24 10:53:03.371  WARN 1328 --- [restartedMain] ConfigServletWebServerApplicationContext : Exception encountered during context initialization - cancelling refresh attempt: org.springframework.context.ApplicationContextException: Failed to start bean 'webServerStartStop'; nested exception is org.springframework.boot.web.server.PortInUseException: Port 8081 is already in use
2021-06-24 10:53:03.418 ERROR 1328 --- [restartedMain] o.s.b.d.LoggingFailureAnalysisReporter   : 

***************************
APPLICATION FAILED TO START
***************************

Description:

Web server failed to start. Port 8081 was already in use.

Action:

Identify and stop the process that's listening on port 8081 or configure this application to listen on another port.

2021-06-24 10:53:43.050  INFO 3648 --- [restartedMain] com.best.BlogApplication                  : Starting BlogApplication using Java 12.0.2 on LAPTOP-8BNCNO6C with PID 3648 (D:\放代码\blog\target\classes started by 饮川 in D:\放代码\blog)
2021-06-24 10:53:43.051  INFO 3648 --- [restartedMain] com.best.BlogApplication                  : No active profile set, falling back to default profiles: default
2021-06-24 10:53:43.282  INFO 3648 --- [restartedMain] .s.d.r.c.RepositoryConfigurationDelegate : Bootstrapping Spring Data JPA repositories in DEFAULT mode.
2021-06-24 10:53:43.284  INFO 3648 --- [restartedMain] .s.d.r.c.RepositoryConfigurationDelegate : Finished Spring Data repository scanning in 1 ms. Found 0 JPA repository interfaces.
2021-06-24 10:53:43.385  INFO 3648 --- [restartedMain] o.s.b.w.embedded.tomcat.TomcatWebServer  : Tomcat initialized with port(s): 8080 (http)
2021-06-24 10:53:43.385  INFO 3648 --- [restartedMain] o.apache.catalina.core.StandardService   : Starting service [Tomcat]
2021-06-24 10:53:43.386  INFO 3648 --- [restartedMain] org.apache.catalina.core.StandardEngine  : Starting Servlet engine: [Apache Tomcat/9.0.46]
2021-06-24 10:53:43.386  INFO 3648 --- [restartedMain] o.a.catalina.core.AprLifecycleListener   : Loaded Apache Tomcat Native library [1.2.23] using APR version [1.7.0].
2021-06-24 10:53:43.386  INFO 3648 --- [restartedMain] o.a.catalina.core.AprLifecycleListener   : APR capabilities: IPv6 [true], sendfile [true], accept filters [false], random [true].
2021-06-24 10:53:43.386  INFO 3648 --- [restartedMain] o.a.catalina.core.AprLifecycleListener   : APR/OpenSSL configuration: useAprConnector [false], useOpenSSL [true]
2021-06-24 10:53:43.386  INFO 3648 --- [restartedMain] o.a.catalina.core.AprLifecycleListener   : OpenSSL successfully initialized [OpenSSL 1.1.1c  28 May 2019]
2021-06-24 10:53:43.408  INFO 3648 --- [restartedMain] o.a.c.c.C.[Tomcat-29].[localhost].[/]    : Initializing Spring embedded WebApplicationContext
2021-06-24 10:53:43.408  INFO 3648 --- [restartedMain] w.s.c.ServletWebServerApplicationContext : Root WebApplicationContext: initialization completed in 354 ms
2021-06-24 10:53:43.426  WARN 3648 --- [restartedMain] ConfigServletWebServerApplicationContext : Exception encountered during context initialization - cancelling refresh attempt: org.springframework.beans.factory.UnsatisfiedDependencyException: Error creating bean with name 'inMemoryDatabaseShutdownExecutor' defined in class path resource [org/springframework/boot/devtools/autoconfigure/DevToolsDataSourceAutoConfiguration.class]: Unsatisfied dependency expressed through method 'inMemoryDatabaseShutdownExecutor' parameter 0; nested exception is org.springframework.beans.factory.BeanCreationException: Error creating bean with name 'dataSource' defined in class path resource [org/springframework/boot/autoconfigure/jdbc/DataSourceConfiguration$Hikari.class]: Bean instantiation via factory method failed; nested exception is org.springframework.beans.BeanInstantiationException: Failed to instantiate [com.zaxxer.hikari.HikariDataSource]: Factory method 'dataSource' threw exception; nested exception is org.springframework.boot.autoconfigure.jdbc.DataSourceProperties$DataSourceBeanCreationException: Failed to determine a suitable driver class
2021-06-24 10:53:43.427  INFO 3648 --- [restartedMain] o.apache.catalina.core.StandardService   : Stopping service [Tomcat]
2021-06-24 10:53:43.436  INFO 3648 --- [restartedMain] ConditionEvaluationReportLoggingListener : 

Error starting ApplicationContext. To display the conditions report re-run your application with 'debug' enabled.
2021-06-24 10:53:43.440 ERROR 3648 --- [restartedMain] o.s.b.d.LoggingFailureAnalysisReporter   : 

***************************
APPLICATION FAILED TO START
***************************

Description:

Failed to configure a DataSource: 'url' attribute is not specified and no embedded datasource could be configured.

Reason: Failed to determine a suitable driver class


Action:

Consider the following:
	If you want an embedded database (H2, HSQL or Derby), please put it on the classpath.
	If you have database settings to be loaded from a particular profile you may need to activate it (no profiles are currently active).

2021-06-24 10:53:47.175  INFO 3648 --- [restartedMain] com.best.BlogApplication                  : Starting BlogApplication using Java 12.0.2 on LAPTOP-8BNCNO6C with PID 3648 (D:\放代码\blog\target\classes started by 饮川 in D:\放代码\blog)
2021-06-24 10:53:47.176  INFO 3648 --- [restartedMain] com.best.BlogApplication                  : The following profiles are active: pro
2021-06-24 10:53:47.671  WARN 3648 --- [restartedMain] com.zaxxer.hikari.util.DriverDataSource  : Registered driver with driverClassName=com.mysql.jdbc.Driver was not found, trying direct instantiation.
2021-06-24 10:53:47.827  WARN 3648 --- [restartedMain] JpaBaseConfiguration$JpaWebConfiguration : spring.jpa.open-in-view is enabled by default. Therefore, database queries may be performed during view rendering. Explicitly configure spring.jpa.open-in-view to disable this warning
2021-06-24 10:53:48.358  INFO 3648 --- [restartedMain] com.best.BlogApplication                  : Started BlogApplication in 1.236 seconds (JVM running for 8230.63)
2021-06-24 10:53:53.268  INFO 3648 --- [restartedMain] com.best.BlogApplication                  : Starting BlogApplication using Java 12.0.2 on LAPTOP-8BNCNO6C with PID 3648 (D:\放代码\blog\target\classes started by 饮川 in D:\放代码\blog)
2021-06-24 10:53:53.269  INFO 3648 --- [restartedMain] com.best.BlogApplication                  : The following profiles are active: pro
2021-06-24 10:53:54.566  INFO 3648 --- [restartedMain] com.best.BlogApplication                  : Started BlogApplication in 1.36 seconds (JVM running for 8236.838)
2021-06-24 11:00:08.594  INFO 3648 --- [restartedMain] com.best.BlogApplication                  : Starting BlogApplication using Java 12.0.2 on LAPTOP-8BNCNO6C with PID 3648 (D:\放代码\blog\target\classes started by 饮川 in D:\放代码\blog)
2021-06-24 11:00:08.660  INFO 3648 --- [restartedMain] com.best.BlogApplication                  : The following profiles are active: pro
2021-06-24 11:00:09.917  WARN 3648 --- [restartedMain] com.zaxxer.hikari.util.DriverDataSource  : Registered driver with driverClassName=com.mysql.jdbc.Driver was not found, trying direct instantiation.
2021-06-24 11:00:10.174  WARN 3648 --- [restartedMain] JpaBaseConfiguration$JpaWebConfiguration : spring.jpa.open-in-view is enabled by default. Therefore, database queries may be performed during view rendering. Explicitly configure spring.jpa.open-in-view to disable this warning
2021-06-24 11:00:11.128  INFO 3648 --- [restartedMain] com.best.BlogApplication                  : Started BlogApplication in 2.613 seconds (JVM running for 8613.4)
2021-06-24 11:00:12.347  INFO 1784 --- [restartedMain] com.best.BlogApplication                  : Starting BlogApplication using Java 12.0.2 on LAPTOP-8BNCNO6C with PID 1784 (D:\放代码\blog\target\classes started by 饮川 in D:\放代码\blog)
2021-06-24 11:00:12.356  INFO 1784 --- [restartedMain] com.best.BlogApplication                  : The following profiles are active: pro
2021-06-24 11:00:14.829  WARN 1784 --- [restartedMain] com.zaxxer.hikari.util.DriverDataSource  : Registered driver with driverClassName=com.mysql.jdbc.Driver was not found, trying direct instantiation.
2021-06-24 11:00:16.408  WARN 1784 --- [restartedMain] JpaBaseConfiguration$JpaWebConfiguration : spring.jpa.open-in-view is enabled by default. Therefore, database queries may be performed during view rendering. Explicitly configure spring.jpa.open-in-view to disable this warning
2021-06-24 11:00:17.416  WARN 1784 --- [restartedMain] o.s.b.d.a.OptionalLiveReloadServer       : Unable to start LiveReload server
2021-06-24 11:00:17.480  WARN 1784 --- [restartedMain] ConfigServletWebServerApplicationContext : Exception encountered during context initialization - cancelling refresh attempt: org.springframework.context.ApplicationContextException: Failed to start bean 'webServerStartStop'; nested exception is org.springframework.boot.web.server.PortInUseException: Port 8081 is already in use
2021-06-24 11:00:17.567 ERROR 1784 --- [restartedMain] o.s.b.d.LoggingFailureAnalysisReporter   : 

***************************
APPLICATION FAILED TO START
***************************

Description:

Web server failed to start. Port 8081 was already in use.

Action:

Identify and stop the process that's listening on port 8081 or configure this application to listen on another port.

2021-06-24 11:00:49.392  INFO 3648 --- [restartedMain] com.best.BlogApplication                  : Starting BlogApplication using Java 12.0.2 on LAPTOP-8BNCNO6C with PID 3648 (D:\放代码\blog\target\classes started by 饮川 in D:\放代码\blog)
2021-06-24 11:00:49.393  INFO 3648 --- [restartedMain] com.best.BlogApplication                  : The following profiles are active: pro
2021-06-24 11:00:51.156  INFO 3648 --- [restartedMain] com.best.BlogApplication                  : Started BlogApplication in 1.861 seconds (JVM running for 8653.428)
2021-06-24 11:00:53.579  INFO 18280 --- [restartedMain] com.best.BlogApplication                  : Starting BlogApplication using Java 12.0.2 on LAPTOP-8BNCNO6C with PID 18280 (D:\放代码\blog\target\classes started by 饮川 in D:\放代码\blog)
2021-06-24 11:00:53.584  INFO 18280 --- [restartedMain] com.best.BlogApplication                  : The following profiles are active: pro
2021-06-24 11:00:57.284  WARN 18280 --- [restartedMain] o.s.b.d.a.OptionalLiveReloadServer       : Unable to start LiveReload server
2021-06-24 11:00:57.326  WARN 18280 --- [restartedMain] ConfigServletWebServerApplicationContext : Exception encountered during context initialization - cancelling refresh attempt: org.springframework.context.ApplicationContextException: Failed to start bean 'webServerStartStop'; nested exception is org.springframework.boot.web.server.PortInUseException: Port 8081 is already in use
2021-06-24 11:00:57.363 ERROR 18280 --- [restartedMain] o.s.b.d.LoggingFailureAnalysisReporter   : 

***************************
APPLICATION FAILED TO START
***************************

Description:

Web server failed to start. Port 8081 was already in use.

Action:

Identify and stop the process that's listening on port 8081 or configure this application to listen on another port.

